<?xml version="1.0" encoding="utf-8"?>
<TestRun id="289e2009-74e1-45d2-8aac-13de86e7a202" name="JBS-C001$@JBS-C001 2025-01-24 18:51:49" runUser="NT AUTHORITY\SYSTEM" xmlns="http://microsoft.com/schemas/VisualStudio/TeamTest/2010">
  <Times creation="2025-01-24T18:51:49.6520389+05:30" queuing="2025-01-24T18:51:49.6520394+05:30" start="2025-01-24T18:51:47.9610411+05:30" finish="2025-01-24T18:51:49.6641634+05:30" />
  <TestSettings name="default" id="0b199efa-017f-4877-b144-273010e65366">
    <Deployment runDeploymentRoot="JBS-C001$_JBS-C001_2025-01-24_18_51_49" />
  </TestSettings>
  <Results>
    <UnitTestResult executionId="a4a92231-4644-4544-b5ac-8166fe758499" testId="ac95cb08-7ad1-4d5b-90ec-132670c18038" testName="TestMethod1" computerName="JBS-C001" duration="00:00:00.0192642" startTime="2025-01-24T18:51:49.2565110+05:30" endTime="2025-01-24T18:51:49.3457739+05:30" testType="13cdc9d9-ddb5-4fa4-a97d-d965ccfc6d4b" outcome="Passed" testListId="8c84fa94-04c1-424b-9868-57a2d4851a1d" relativeResultsDirectory="a4a92231-4644-4544-b5ac-8166fe758499" />
  </Results>
  <TestDefinitions>
    <UnitTest name="TestMethod1" storage="c:\programdata\jenkins\.jenkins\workspace\jenkinspipeline\jenkinsintegration.tests\bin\debug\netcoreapp2.1\jenkinsintegration.tests.dll" id="ac95cb08-7ad1-4d5b-90ec-132670c18038">
      <Execution id="a4a92231-4644-4544-b5ac-8166fe758499" />
      <TestMethod codeBase="C:\ProgramData\Jenkins\.jenkins\workspace\JenkinsPipeline\JenkinsIntegration.Tests\bin\Debug\netcoreapp2.1\JenkinsIntegration.Tests.dll" adapterTypeName="executor://mstestadapter/v2" className="JenkinsIntegration.Tests.JenkinsTests" name="TestMethod1" />
    </UnitTest>
  </TestDefinitions>
  <TestEntries>
    <TestEntry testId="ac95cb08-7ad1-4d5b-90ec-132670c18038" executionId="a4a92231-4644-4544-b5ac-8166fe758499" testListId="8c84fa94-04c1-424b-9868-57a2d4851a1d" />
  </TestEntries>
  <TestLists>
    <TestList name="Results Not in a List" id="8c84fa94-04c1-424b-9868-57a2d4851a1d" />
    <TestList name="All Loaded Results" id="19431567-8539-422a-85d7-44ee4e166bda" />
  </TestLists>
  <ResultSummary outcome="Completed">
    <Counters total="1" executed="1" passed="1" failed="0" error="0" timeout="0" aborted="0" inconclusive="0" passedButRunAborted="0" notRunnable="0" notExecuted="0" disconnected="0" warning="0" completed="0" inProgress="0" pending="0" />
  </ResultSummary>
</TestRun>