<?xml version="1.0" encoding="utf-8"?>
<TestRun id="956d80b9-90bd-4796-8931-e62de48708e9" name="JBS-C001$@JBS-C001 2025-01-27 14:31:18" runUser="NT AUTHORITY\SYSTEM" xmlns="http://microsoft.com/schemas/VisualStudio/TeamTest/2010">
  <Times creation="2025-01-27T14:31:18.2888233+05:30" queuing="2025-01-27T14:31:18.2888237+05:30" start="2025-01-27T14:31:16.5295851+05:30" finish="2025-01-27T14:31:18.2971790+05:30" />
  <TestSettings name="default" id="d2a20d90-0c88-4744-ba35-fe01e3e52ff9">
    <Deployment runDeploymentRoot="JBS-C001$_JBS-C001_2025-01-27_14_31_18" />
  </TestSettings>
  <Results>
    <UnitTestResult executionId="a2ab3749-0a37-40af-b300-2d0a2469ec60" testId="ac95cb08-7ad1-4d5b-90ec-132670c18038" testName="TestMethod1" computerName="JBS-C001" duration="00:00:00.0231150" startTime="2025-01-27T14:31:17.8679715+05:30" endTime="2025-01-27T14:31:17.9684934+05:30" testType="13cdc9d9-ddb5-4fa4-a97d-d965ccfc6d4b" outcome="Passed" testListId="8c84fa94-04c1-424b-9868-57a2d4851a1d" relativeResultsDirectory="a2ab3749-0a37-40af-b300-2d0a2469ec60" />
  </Results>
  <TestDefinitions>
    <UnitTest name="TestMethod1" storage="c:\programdata\jenkins\.jenkins\workspace\jenkinspipeline\jenkinsintegration.tests\bin\debug\netcoreapp2.1\jenkinsintegration.tests.dll" id="ac95cb08-7ad1-4d5b-90ec-132670c18038">
      <Execution id="a2ab3749-0a37-40af-b300-2d0a2469ec60" />
      <TestMethod codeBase="C:\ProgramData\Jenkins\.jenkins\workspace\JenkinsPipeline\JenkinsIntegration.Tests\bin\Debug\netcoreapp2.1\JenkinsIntegration.Tests.dll" adapterTypeName="executor://mstestadapter/v2" className="JenkinsIntegration.Tests.JenkinsTests" name="TestMethod1" />
    </UnitTest>
  </TestDefinitions>
  <TestEntries>
    <TestEntry testId="ac95cb08-7ad1-4d5b-90ec-132670c18038" executionId="a2ab3749-0a37-40af-b300-2d0a2469ec60" testListId="8c84fa94-04c1-424b-9868-57a2d4851a1d" />
  </TestEntries>
  <TestLists>
    <TestList name="Results Not in a List" id="8c84fa94-04c1-424b-9868-57a2d4851a1d" />
    <TestList name="All Loaded Results" id="19431567-8539-422a-85d7-44ee4e166bda" />
  </TestLists>
  <ResultSummary outcome="Completed">
    <Counters total="1" executed="1" passed="1" failed="0" error="0" timeout="0" aborted="0" inconclusive="0" passedButRunAborted="0" notRunnable="0" notExecuted="0" disconnected="0" warning="0" completed="0" inProgress="0" pending="0" />
  </ResultSummary>
</TestRun>