<?xml version="1.0" encoding="utf-8"?>
<TestRun id="d42b9908-8196-4e72-bc6e-b85f08d00402" name="jbs-c01@JBS-C001 2025-01-23 15:49:00" runUser="Jbs-C001\jbs-c01" xmlns="http://microsoft.com/schemas/VisualStudio/TeamTest/2010">
  <Times creation="2025-01-23T15:49:00.8360372+05:30" queuing="2025-01-23T15:49:00.8360376+05:30" start="2025-01-23T15:48:58.1703400+05:30" finish="2025-01-23T15:49:00.8482677+05:30" />
  <TestSettings name="default" id="30289027-1f69-47cf-9fa5-e771c41e7906">
    <Deployment runDeploymentRoot="jbs-c01_JBS-C001_2025-01-23_15_49_00" />
  </TestSettings>
  <Results>
    <UnitTestResult executionId="93296874-77ab-442e-a85f-ca04b5b41077" testId="ac95cb08-7ad1-4d5b-90ec-132670c18038" testName="TestMethod1" computerName="JBS-C001" duration="00:00:00.1025696" startTime="2025-01-23T15:49:00.2316074+05:30" endTime="2025-01-23T15:49:00.4055387+05:30" testType="13cdc9d9-ddb5-4fa4-a97d-d965ccfc6d4b" outcome="Passed" testListId="8c84fa94-04c1-424b-9868-57a2d4851a1d" relativeResultsDirectory="93296874-77ab-442e-a85f-ca04b5b41077" />
  </Results>
  <TestDefinitions>
    <UnitTest name="TestMethod1" storage="e:\jenkinsintegration\jenkinsintegration.tests\bin\debug\netcoreapp2.1\jenkinsintegration.tests.dll" id="ac95cb08-7ad1-4d5b-90ec-132670c18038">
      <Execution id="93296874-77ab-442e-a85f-ca04b5b41077" />
      <TestMethod codeBase="E:\JenkinsIntegration\JenkinsIntegration.Tests\bin\Debug\netcoreapp2.1\JenkinsIntegration.Tests.dll" adapterTypeName="executor://mstestadapter/v2" className="JenkinsIntegration.Tests.JenkinsTests" name="TestMethod1" />
    </UnitTest>
  </TestDefinitions>
  <TestEntries>
    <TestEntry testId="ac95cb08-7ad1-4d5b-90ec-132670c18038" executionId="93296874-77ab-442e-a85f-ca04b5b41077" testListId="8c84fa94-04c1-424b-9868-57a2d4851a1d" />
  </TestEntries>
  <TestLists>
    <TestList name="Results Not in a List" id="8c84fa94-04c1-424b-9868-57a2d4851a1d" />
    <TestList name="All Loaded Results" id="19431567-8539-422a-85d7-44ee4e166bda" />
  </TestLists>
  <ResultSummary outcome="Completed">
    <Counters total="1" executed="1" passed="1" failed="0" error="0" timeout="0" aborted="0" inconclusive="0" passedButRunAborted="0" notRunnable="0" notExecuted="0" disconnected="0" warning="0" completed="0" inProgress="0" pending="0" />
  </ResultSummary>
</TestRun>